<?xml version="1.0" encoding="UTF-8" ?>
<testsuite errors="0" failures="0" hostname="darktower" name="tekdays.TekEventTests" tests="1" time="0.096" timestamp="2011-05-16T09:23:40">
  <properties />
  <testcase classname="tekdays.TekEventTests" name="testToString" time="0.09" />
  <system-out><![CDATA[--Output from testToString--
]]></system-out>
  <system-err><![CDATA[--Output from testToString--
]]></system-err>
</testsuite>
