<?xml version="1.0" encoding="UTF-8" ?>
<testsuite errors="0" failures="0" hostname="darktower" name="tekdays.TekUserControllerTests" tests="1" time="0.098" timestamp="2011-05-16T09:23:40">
  <properties />
  <testcase classname="tekdays.TekUserControllerTests" name="testSomething" time="0.095" />
  <system-out><![CDATA[--Output from testSomething--
]]></system-out>
  <system-err><![CDATA[--Output from testSomething--
]]></system-err>
</testsuite>
