<?xml version="1.0" encoding="UTF-8" ?>
<testsuite errors="0" failures="0" hostname="darktower" name="tekdays.TekEventControllerTests" tests="1" time="2.145" timestamp="2011-05-16T09:23:36">
  <properties />
  <testcase classname="tekdays.TekEventControllerTests" name="testSomething" time="2.132" />
  <system-out><![CDATA[--Output from testSomething--
]]></system-out>
  <system-err><![CDATA[--Output from testSomething--
]]></system-err>
</testsuite>
